C51 COMPILER V9.54   TIMER0                                                                07/09/2024 17:45:34 PAGE 1   


C51 COMPILER V9.54, COMPILATION OF MODULE TIMER0
OBJECT MODULE PLACED IN .\Objects\timer0.obj
COMPILER INVOKED BY: D:\keil5\C51\BIN\C51.EXE timer0.c OPTIMIZE(8,SPEED) BROWSE DEBUG OBJECTEXTEND PRINT(.\Listings\time
                    -r0.lst) OBJECT(.\Objects\timer0.obj)

line level    source

   1          #include <REGX52.H>
   2          void Timer0Init(void)           //0.5??@11.0592MHz
   3          {
   4   1              TMOD &= 0xF0;           //???????
   5   1              TMOD |= 0x01;           //???????
   6   1              TL0 = 0x33;             //??????
   7   1              TH0 = 0xFE;             //??????
   8   1              ET0=1;
   9   1              TF0 = 0;                //??TF0??
  10   1              TR0 = 1;                //???0????
  11   1              EA=1;
  12   1      }


MODULE INFORMATION:   STATIC OVERLAYABLE
   CODE SIZE        =     21    ----
   CONSTANT SIZE    =   ----    ----
   XDATA SIZE       =   ----    ----
   PDATA SIZE       =   ----    ----
   DATA SIZE        =   ----    ----
   IDATA SIZE       =   ----    ----
   BIT SIZE         =   ----    ----
END OF MODULE INFORMATION.


C51 COMPILATION COMPLETE.  0 WARNING(S),  0 ERROR(S)
